<?xml version="1.0" encoding="UTF-8"?>
<!-- Generated by org.testng.reporters.JUnitReportReporter -->
<testsuite skipped="0" hostname="LAPTOP-5857S6OR" name="testcase.TC_003_HomePage" tests="2" failures="0" timestamp="2023-04-20T18:26:59 IST" time="51.966" errors="0">
  <testcase name="runHomePage" time="26.319" classname="testcase.TC_003_HomePage"/>
  <system-out/>
  <testcase name="runHomePage" time="25.647" classname="testcase.TC_003_HomePage"/>
  <system-out/>
</testsuite> <!-- testcase.TC_003_HomePage -->
