<?xml version="1.0" encoding="UTF-8"?>
<!-- Generated by org.testng.reporters.JUnitReportReporter -->
<testsuite skipped="0" hostname="LAPTOP-5857S6OR" name="testcase.TC_004_MyHomePage" tests="2" failures="0" timestamp="2023-04-20T18:26:59 IST" time="60.118" errors="0">
  <testcase name="runMyHomePage" time="33.363" classname="testcase.TC_004_MyHomePage"/>
  <system-out/>
  <testcase name="runMyHomePage" time="26.755" classname="testcase.TC_004_MyHomePage"/>
  <system-out/>
</testsuite> <!-- testcase.TC_004_MyHomePage -->
