<?xml version="1.0" encoding="UTF-8"?>
<!-- Generated by org.testng.reporters.JUnitReportReporter -->
<testsuite skipped="0" hostname="LAPTOP-5857S6OR" name="testcase.TC_006_ViewLeadPage" tests="2" failures="0" timestamp="2023-04-20T18:26:59 IST" time="39.295" errors="0">
  <testcase name="runViewLeadPage" time="14.478" classname="testcase.TC_006_ViewLeadPage"/>
  <system-out/>
  <testcase name="runViewLeadPage" time="24.817" classname="testcase.TC_006_ViewLeadPage"/>
  <system-out/>
</testsuite> <!-- testcase.TC_006_ViewLeadPage -->
