<?xml version="1.0" encoding="UTF-8"?>
<!-- Generated by org.testng.reporters.JUnitReportReporter -->
<testsuite skipped="0" hostname="LAPTOP-5857S6OR" name="testcase.TC_002_CreateLeadPage" tests="2" failures="0" timestamp="2023-04-20T18:26:59 IST" time="56.012" errors="0">
  <testcase name="runCreateLead" time="27.344" classname="testcase.TC_002_CreateLeadPage"/>
  <system-out/>
  <testcase name="runCreateLead" time="28.668" classname="testcase.TC_002_CreateLeadPage"/>
  <system-out/>
</testsuite> <!-- testcase.TC_002_CreateLeadPage -->
