<?xml version="1.0" encoding="UTF-8"?>
<!-- Generated by org.testng.reporters.JUnitReportReporter -->
<testsuite skipped="0" hostname="LAPTOP-5857S6OR" name="testcase.TC_005_MyLeadsPage" tests="2" failures="0" timestamp="2023-04-20T18:26:59 IST" time="58.941" errors="0">
  <testcase name="runMyLeadsPage" time="30.399" classname="testcase.TC_005_MyLeadsPage"/>
  <system-out/>
  <testcase name="runMyLeadsPage" time="28.542" classname="testcase.TC_005_MyLeadsPage"/>
  <system-out/>
</testsuite> <!-- testcase.TC_005_MyLeadsPage -->
