<?xml version="1.0" encoding="UTF-8"?>
<!-- Generated by org.testng.reporters.JUnitReportReporter -->
<testsuite skipped="0" hostname="LAPTOP-5857S6OR" name="testcase.TC_001_LoginPage" tests="2" failures="0" timestamp="2023-04-20T18:26:59 IST" time="21.653" errors="0">
  <testcase name="runLogin" time="12.661" classname="testcase.TC_001_LoginPage"/>
  <system-out/>
  <testcase name="runLogin" time="8.992" classname="testcase.TC_001_LoginPage"/>
  <system-out/>
</testsuite> <!-- testcase.TC_001_LoginPage -->
